{"/Users/rishabh/rishabhcode/ReactJS/React-FitnessGear-Shop/client/src/App.js": {"path":"/Users/rishabh/rishabhcode/ReactJS/React-FitnessGear-Shop/client/src/App.js","statementMap":{"0":{"start":{"line":16,"column":12},"end":{"line":76,"column":1}},"1":{"start":{"line":18,"column":42},"end":{"line":18,"column":53}},"2":{"start":{"line":19,"column":22},"end":{"line":19,"column":34}},"3":{"start":{"line":21,"column":4},"end":{"line":29,"column":22}},"4":{"start":{"line":22,"column":8},"end":{"line":28,"column":9}},"5":{"start":{"line":23,"column":26},"end":{"line":23,"column":54}},"6":{"start":{"line":24,"column":27},"end":{"line":24,"column":69}},"7":{"start":{"line":25,"column":12},"end":{"line":27,"column":13}},"8":{"start":{"line":26,"column":16},"end":{"line":26,"column":73}},"9":{"start":{"line":32,"column":8},"end":{"line":32,"column":30}},"10":{"start":{"line":35,"column":4},"end":{"line":75,"column":6}},"11":{"start":{"line":43,"column":92},"end":{"line":43,"column":110}},"12":{"start":{"line":46,"column":98},"end":{"line":46,"column":116}},"13":{"start":{"line":49,"column":100},"end":{"line":49,"column":118}},"14":{"start":{"line":52,"column":97},"end":{"line":52,"column":115}},"15":{"start":{"line":55,"column":101},"end":{"line":55,"column":119}}},"fnMap":{"0":{"name":"(anonymous_0)","decl":{"start":{"line":16,"column":12},"end":{"line":16,"column":13}},"loc":{"start":{"line":16,"column":18},"end":{"line":76,"column":1}},"line":16},"1":{"name":"(anonymous_1)","decl":{"start":{"line":21,"column":14},"end":{"line":21,"column":15}},"loc":{"start":{"line":21,"column":20},"end":{"line":29,"column":5}},"line":21},"2":{"name":"handleItemClick","decl":{"start":{"line":31,"column":13},"end":{"line":31,"column":28}},"loc":{"start":{"line":31,"column":36},"end":{"line":33,"column":5}},"line":31},"3":{"name":"(anonymous_3)","decl":{"start":{"line":43,"column":86},"end":{"line":43,"column":87}},"loc":{"start":{"line":43,"column":92},"end":{"line":43,"column":110}},"line":43},"4":{"name":"(anonymous_4)","decl":{"start":{"line":46,"column":92},"end":{"line":46,"column":93}},"loc":{"start":{"line":46,"column":98},"end":{"line":46,"column":116}},"line":46},"5":{"name":"(anonymous_5)","decl":{"start":{"line":49,"column":94},"end":{"line":49,"column":95}},"loc":{"start":{"line":49,"column":100},"end":{"line":49,"column":118}},"line":49},"6":{"name":"(anonymous_6)","decl":{"start":{"line":52,"column":91},"end":{"line":52,"column":92}},"loc":{"start":{"line":52,"column":97},"end":{"line":52,"column":115}},"line":52},"7":{"name":"(anonymous_7)","decl":{"start":{"line":55,"column":95},"end":{"line":55,"column":96}},"loc":{"start":{"line":55,"column":101},"end":{"line":55,"column":119}},"line":55}},"branchMap":{"0":{"loc":{"start":{"line":22,"column":8},"end":{"line":28,"column":9}},"type":"if","locations":[{"start":{"line":22,"column":8},"end":{"line":28,"column":9}},{"start":{},"end":{}}],"line":22},"1":{"loc":{"start":{"line":25,"column":12},"end":{"line":27,"column":13}},"type":"if","locations":[{"start":{"line":25,"column":12},"end":{"line":27,"column":13}},{"start":{},"end":{}}],"line":25}},"s":{"0":0,"1":0,"2":0,"3":0,"4":0,"5":0,"6":0,"7":0,"8":0,"9":0,"10":0,"11":0,"12":0,"13":0,"14":0,"15":0},"f":{"0":0,"1":0,"2":0,"3":0,"4":0,"5":0,"6":0,"7":0},"b":{"0":[0,0],"1":[0,0]}}
,"/Users/rishabh/rishabhcode/ReactJS/React-FitnessGear-Shop/client/src/index.js": {"path":"/Users/rishabh/rishabhcode/ReactJS/React-FitnessGear-Shop/client/src/index.js","statementMap":{"0":{"start":{"line":7,"column":13},"end":{"line":7,"column":65}},"1":{"start":{"line":8,"column":0},"end":{"line":12,"column":2}}},"fnMap":{},"branchMap":{},"s":{"0":0,"1":0},"f":{},"b":{}}
,"/Users/rishabh/rishabhcode/ReactJS/React-FitnessGear-Shop/client/src/serviceWorker.js": {"path":"/Users/rishabh/rishabhcode/ReactJS/React-FitnessGear-Shop/client/src/serviceWorker.js","statementMap":{"0":{"start":{"line":13,"column":20},"end":{"line":21,"column":1}},"1":{"start":{"line":24,"column":2},"end":{"line":54,"column":3}},"2":{"start":{"line":26,"column":22},"end":{"line":26,"column":75}},"3":{"start":{"line":27,"column":4},"end":{"line":32,"column":5}},"4":{"start":{"line":31,"column":6},"end":{"line":31,"column":13}},"5":{"start":{"line":34,"column":4},"end":{"line":53,"column":7}},"6":{"start":{"line":35,"column":20},"end":{"line":35,"column":65}},"7":{"start":{"line":37,"column":6},"end":{"line":52,"column":7}},"8":{"start":{"line":39,"column":8},"end":{"line":39,"column":47}},"9":{"start":{"line":43,"column":8},"end":{"line":48,"column":11}},"10":{"start":{"line":44,"column":10},"end":{"line":47,"column":12}},"11":{"start":{"line":51,"column":8},"end":{"line":51,"column":39}},"12":{"start":{"line":58,"column":2},"end":{"line":98,"column":7}},"13":{"start":{"line":61,"column":6},"end":{"line":94,"column":8}},"14":{"start":{"line":62,"column":33},"end":{"line":62,"column":56}},"15":{"start":{"line":63,"column":8},"end":{"line":65,"column":9}},"16":{"start":{"line":64,"column":10},"end":{"line":64,"column":17}},"17":{"start":{"line":66,"column":8},"end":{"line":93,"column":10}},"18":{"start":{"line":67,"column":10},"end":{"line":92,"column":11}},"19":{"start":{"line":68,"column":12},"end":{"line":91,"column":13}},"20":{"start":{"line":72,"column":14},"end":{"line":75,"column":16}},"21":{"start":{"line":78,"column":14},"end":{"line":80,"column":15}},"22":{"start":{"line":79,"column":16},"end":{"line":79,"column":46}},"23":{"start":{"line":85,"column":14},"end":{"line":85,"column":64}},"24":{"start":{"line":88,"column":14},"end":{"line":90,"column":15}},"25":{"start":{"line":89,"column":16},"end":{"line":89,"column":47}},"26":{"start":{"line":97,"column":6},"end":{"line":97,"column":72}},"27":{"start":{"line":103,"column":2},"end":{"line":126,"column":7}},"28":{"start":{"line":106,"column":26},"end":{"line":106,"column":62}},"29":{"start":{"line":107,"column":6},"end":{"line":120,"column":7}},"30":{"start":{"line":112,"column":8},"end":{"line":116,"column":11}},"31":{"start":{"line":113,"column":10},"end":{"line":115,"column":13}},"32":{"start":{"line":114,"column":12},"end":{"line":114,"column":37}},"33":{"start":{"line":119,"column":8},"end":{"line":119,"column":39}},"34":{"start":{"line":123,"column":6},"end":{"line":125,"column":8}},"35":{"start":{"line":130,"column":2},"end":{"line":134,"column":3}},"36":{"start":{"line":131,"column":4},"end":{"line":133,"column":7}},"37":{"start":{"line":132,"column":6},"end":{"line":132,"column":32}}},"fnMap":{"0":{"name":"register","decl":{"start":{"line":23,"column":16},"end":{"line":23,"column":24}},"loc":{"start":{"line":23,"column":33},"end":{"line":55,"column":1}},"line":23},"1":{"name":"(anonymous_1)","decl":{"start":{"line":34,"column":36},"end":{"line":34,"column":37}},"loc":{"start":{"line":34,"column":42},"end":{"line":53,"column":5}},"line":34},"2":{"name":"(anonymous_2)","decl":{"start":{"line":43,"column":43},"end":{"line":43,"column":44}},"loc":{"start":{"line":43,"column":49},"end":{"line":48,"column":9}},"line":43},"3":{"name":"registerValidSW","decl":{"start":{"line":57,"column":9},"end":{"line":57,"column":24}},"loc":{"start":{"line":57,"column":40},"end":{"line":99,"column":1}},"line":57},"4":{"name":"(anonymous_4)","decl":{"start":{"line":60,"column":10},"end":{"line":60,"column":11}},"loc":{"start":{"line":60,"column":26},"end":{"line":95,"column":5}},"line":60},"5":{"name":"(anonymous_5)","decl":{"start":{"line":61,"column":35},"end":{"line":61,"column":36}},"loc":{"start":{"line":61,"column":41},"end":{"line":94,"column":7}},"line":61},"6":{"name":"(anonymous_6)","decl":{"start":{"line":66,"column":41},"end":{"line":66,"column":42}},"loc":{"start":{"line":66,"column":47},"end":{"line":93,"column":9}},"line":66},"7":{"name":"(anonymous_7)","decl":{"start":{"line":96,"column":11},"end":{"line":96,"column":12}},"loc":{"start":{"line":96,"column":20},"end":{"line":98,"column":5}},"line":96},"8":{"name":"checkValidServiceWorker","decl":{"start":{"line":101,"column":9},"end":{"line":101,"column":32}},"loc":{"start":{"line":101,"column":48},"end":{"line":127,"column":1}},"line":101},"9":{"name":"(anonymous_9)","decl":{"start":{"line":104,"column":10},"end":{"line":104,"column":11}},"loc":{"start":{"line":104,"column":22},"end":{"line":121,"column":5}},"line":104},"10":{"name":"(anonymous_10)","decl":{"start":{"line":112,"column":43},"end":{"line":112,"column":44}},"loc":{"start":{"line":112,"column":59},"end":{"line":116,"column":9}},"line":112},"11":{"name":"(anonymous_11)","decl":{"start":{"line":113,"column":41},"end":{"line":113,"column":42}},"loc":{"start":{"line":113,"column":47},"end":{"line":115,"column":11}},"line":113},"12":{"name":"(anonymous_12)","decl":{"start":{"line":122,"column":11},"end":{"line":122,"column":12}},"loc":{"start":{"line":122,"column":17},"end":{"line":126,"column":5}},"line":122},"13":{"name":"unregister","decl":{"start":{"line":129,"column":16},"end":{"line":129,"column":26}},"loc":{"start":{"line":129,"column":29},"end":{"line":135,"column":1}},"line":129},"14":{"name":"(anonymous_14)","decl":{"start":{"line":131,"column":39},"end":{"line":131,"column":40}},"loc":{"start":{"line":131,"column":55},"end":{"line":133,"column":5}},"line":131}},"branchMap":{"0":{"loc":{"start":{"line":14,"column":2},"end":{"line":20,"column":5}},"type":"binary-expr","locations":[{"start":{"line":14,"column":2},"end":{"line":14,"column":42}},{"start":{"line":16,"column":4},"end":{"line":16,"column":40}},{"start":{"line":18,"column":4},"end":{"line":20,"column":5}}],"line":14},"1":{"loc":{"start":{"line":24,"column":2},"end":{"line":54,"column":3}},"type":"if","locations":[{"start":{"line":24,"column":2},"end":{"line":54,"column":3}},{"start":{},"end":{}}],"line":24},"2":{"loc":{"start":{"line":24,"column":6},"end":{"line":24,"column":75}},"type":"binary-expr","locations":[{"start":{"line":24,"column":6},"end":{"line":24,"column":43}},{"start":{"line":24,"column":47},"end":{"line":24,"column":75}}],"line":24},"3":{"loc":{"start":{"line":27,"column":4},"end":{"line":32,"column":5}},"type":"if","locations":[{"start":{"line":27,"column":4},"end":{"line":32,"column":5}},{"start":{},"end":{}}],"line":27},"4":{"loc":{"start":{"line":37,"column":6},"end":{"line":52,"column":7}},"type":"if","locations":[{"start":{"line":37,"column":6},"end":{"line":52,"column":7}},{"start":{"line":49,"column":13},"end":{"line":52,"column":7}}],"line":37},"5":{"loc":{"start":{"line":63,"column":8},"end":{"line":65,"column":9}},"type":"if","locations":[{"start":{"line":63,"column":8},"end":{"line":65,"column":9}},{"start":{},"end":{}}],"line":63},"6":{"loc":{"start":{"line":67,"column":10},"end":{"line":92,"column":11}},"type":"if","locations":[{"start":{"line":67,"column":10},"end":{"line":92,"column":11}},{"start":{},"end":{}}],"line":67},"7":{"loc":{"start":{"line":68,"column":12},"end":{"line":91,"column":13}},"type":"if","locations":[{"start":{"line":68,"column":12},"end":{"line":91,"column":13}},{"start":{"line":81,"column":19},"end":{"line":91,"column":13}}],"line":68},"8":{"loc":{"start":{"line":78,"column":14},"end":{"line":80,"column":15}},"type":"if","locations":[{"start":{"line":78,"column":14},"end":{"line":80,"column":15}},{"start":{},"end":{}}],"line":78},"9":{"loc":{"start":{"line":78,"column":18},"end":{"line":78,"column":43}},"type":"binary-expr","locations":[{"start":{"line":78,"column":18},"end":{"line":78,"column":24}},{"start":{"line":78,"column":28},"end":{"line":78,"column":43}}],"line":78},"10":{"loc":{"start":{"line":88,"column":14},"end":{"line":90,"column":15}},"type":"if","locations":[{"start":{"line":88,"column":14},"end":{"line":90,"column":15}},{"start":{},"end":{}}],"line":88},"11":{"loc":{"start":{"line":88,"column":18},"end":{"line":88,"column":44}},"type":"binary-expr","locations":[{"start":{"line":88,"column":18},"end":{"line":88,"column":24}},{"start":{"line":88,"column":28},"end":{"line":88,"column":44}}],"line":88},"12":{"loc":{"start":{"line":107,"column":6},"end":{"line":120,"column":7}},"type":"if","locations":[{"start":{"line":107,"column":6},"end":{"line":120,"column":7}},{"start":{"line":117,"column":13},"end":{"line":120,"column":7}}],"line":107},"13":{"loc":{"start":{"line":108,"column":8},"end":{"line":109,"column":73}},"type":"binary-expr","locations":[{"start":{"line":108,"column":8},"end":{"line":108,"column":31}},{"start":{"line":109,"column":9},"end":{"line":109,"column":28}},{"start":{"line":109,"column":32},"end":{"line":109,"column":72}}],"line":108},"14":{"loc":{"start":{"line":130,"column":2},"end":{"line":134,"column":3}},"type":"if","locations":[{"start":{"line":130,"column":2},"end":{"line":134,"column":3}},{"start":{},"end":{}}],"line":130}},"s":{"0":0,"1":0,"2":0,"3":0,"4":0,"5":0,"6":0,"7":0,"8":0,"9":0,"10":0,"11":0,"12":0,"13":0,"14":0,"15":0,"16":0,"17":0,"18":0,"19":0,"20":0,"21":0,"22":0,"23":0,"24":0,"25":0,"26":0,"27":0,"28":0,"29":0,"30":0,"31":0,"32":0,"33":0,"34":0,"35":0,"36":0,"37":0},"f":{"0":0,"1":0,"2":0,"3":0,"4":0,"5":0,"6":0,"7":0,"8":0,"9":0,"10":0,"11":0,"12":0,"13":0,"14":0},"b":{"0":[0,0,0],"1":[0,0],"2":[0,0],"3":[0,0],"4":[0,0],"5":[0,0],"6":[0,0],"7":[0,0],"8":[0,0],"9":[0,0],"10":[0,0],"11":[0,0],"12":[0,0],"13":[0,0,0],"14":[0,0]}}
,"/Users/rishabh/rishabhcode/ReactJS/React-FitnessGear-Shop/client/src/components/NoMatch.js": {"path":"/Users/rishabh/rishabhcode/ReactJS/React-FitnessGear-Shop/client/src/components/NoMatch.js","statementMap":{"0":{"start":{"line":3,"column":16},"end":{"line":16,"column":1}},"1":{"start":{"line":4,"column":4},"end":{"line":15,"column":6}}},"fnMap":{"0":{"name":"(anonymous_0)","decl":{"start":{"line":3,"column":16},"end":{"line":3,"column":17}},"loc":{"start":{"line":3,"column":22},"end":{"line":16,"column":1}},"line":3}},"branchMap":{},"s":{"0":0,"1":0},"f":{"0":0},"b":{}}
,"/Users/rishabh/rishabhcode/ReactJS/React-FitnessGear-Shop/client/src/components/ProductContext.js": {"path":"/Users/rishabh/rishabhcode/ReactJS/React-FitnessGear-Shop/client/src/components/ProductContext.js","statementMap":{"0":{"start":{"line":3,"column":23},"end":{"line":3,"column":38}},"1":{"start":{"line":5,"column":33},"end":{"line":5,"column":65}},"2":{"start":{"line":5,"column":39},"end":{"line":5,"column":65}},"3":{"start":{"line":7,"column":31},"end":{"line":46,"column":1}},"4":{"start":{"line":8,"column":36},"end":{"line":8,"column":48}},"5":{"start":{"line":9,"column":38},"end":{"line":9,"column":50}},"6":{"start":{"line":11,"column":30},"end":{"line":18,"column":5}},"7":{"start":{"line":12,"column":25},"end":{"line":12,"column":77}},"8":{"start":{"line":13,"column":21},"end":{"line":13,"column":42}},"9":{"start":{"line":14,"column":31},"end":{"line":14,"column":65}},"10":{"start":{"line":15,"column":33},"end":{"line":15,"column":74}},"11":{"start":{"line":16,"column":8},"end":{"line":16,"column":38}},"12":{"start":{"line":17,"column":8},"end":{"line":17,"column":75}},"13":{"start":{"line":20,"column":4},"end":{"line":22,"column":11}},"14":{"start":{"line":21,"column":8},"end":{"line":21,"column":28}},"15":{"start":{"line":24,"column":35},"end":{"line":29,"column":5}},"16":{"start":{"line":25,"column":8},"end":{"line":28,"column":12}},"17":{"start":{"line":25,"column":40},"end":{"line":28,"column":9}},"18":{"start":{"line":31,"column":32},"end":{"line":38,"column":5}},"19":{"start":{"line":32,"column":33},"end":{"line":32,"column":90}},"20":{"start":{"line":32,"column":69},"end":{"line":32,"column":87}},"21":{"start":{"line":33,"column":33},"end":{"line":36,"column":10}},"22":{"start":{"line":34,"column":37},"end":{"line":34,"column":96}},"23":{"start":{"line":34,"column":64},"end":{"line":34,"column":95}},"24":{"start":{"line":35,"column":12},"end":{"line":35,"column":95}},"25":{"start":{"line":35,"column":58},"end":{"line":35,"column":93}},"26":{"start":{"line":37,"column":8},"end":{"line":37,"column":32}},"27":{"start":{"line":40,"column":4},"end":{"line":44,"column":6}}},"fnMap":{"0":{"name":"(anonymous_0)","decl":{"start":{"line":5,"column":33},"end":{"line":5,"column":34}},"loc":{"start":{"line":5,"column":39},"end":{"line":5,"column":65}},"line":5},"1":{"name":"(anonymous_1)","decl":{"start":{"line":7,"column":31},"end":{"line":7,"column":32}},"loc":{"start":{"line":7,"column":49},"end":{"line":46,"column":1}},"line":7},"2":{"name":"(anonymous_2)","decl":{"start":{"line":11,"column":30},"end":{"line":11,"column":31}},"loc":{"start":{"line":11,"column":42},"end":{"line":18,"column":5}},"line":11},"3":{"name":"(anonymous_3)","decl":{"start":{"line":20,"column":14},"end":{"line":20,"column":15}},"loc":{"start":{"line":20,"column":20},"end":{"line":22,"column":5}},"line":20},"4":{"name":"(anonymous_4)","decl":{"start":{"line":24,"column":35},"end":{"line":24,"column":36}},"loc":{"start":{"line":24,"column":55},"end":{"line":29,"column":5}},"line":24},"5":{"name":"(anonymous_5)","decl":{"start":{"line":25,"column":28},"end":{"line":25,"column":29}},"loc":{"start":{"line":25,"column":40},"end":{"line":28,"column":9}},"line":25},"6":{"name":"(anonymous_6)","decl":{"start":{"line":31,"column":32},"end":{"line":31,"column":33}},"loc":{"start":{"line":31,"column":52},"end":{"line":38,"column":5}},"line":31},"7":{"name":"(anonymous_7)","decl":{"start":{"line":32,"column":58},"end":{"line":32,"column":59}},"loc":{"start":{"line":32,"column":69},"end":{"line":32,"column":87}},"line":32},"8":{"name":"(anonymous_8)","decl":{"start":{"line":33,"column":54},"end":{"line":33,"column":55}},"loc":{"start":{"line":33,"column":67},"end":{"line":36,"column":9}},"line":33},"9":{"name":"(anonymous_9)","decl":{"start":{"line":34,"column":53},"end":{"line":34,"column":54}},"loc":{"start":{"line":34,"column":64},"end":{"line":34,"column":95}},"line":34},"10":{"name":"(anonymous_10)","decl":{"start":{"line":35,"column":43},"end":{"line":35,"column":44}},"loc":{"start":{"line":35,"column":58},"end":{"line":35,"column":93}},"line":35}},"branchMap":{"0":{"loc":{"start":{"line":35,"column":58},"end":{"line":35,"column":93}},"type":"cond-expr","locations":[{"start":{"line":35,"column":83},"end":{"line":35,"column":86}},{"start":{"line":35,"column":89},"end":{"line":35,"column":93}}],"line":35}},"s":{"0":1,"1":1,"2":0,"3":1,"4":0,"5":0,"6":0,"7":0,"8":0,"9":0,"10":0,"11":0,"12":0,"13":0,"14":0,"15":0,"16":0,"17":0,"18":0,"19":0,"20":0,"21":0,"22":0,"23":0,"24":0,"25":0,"26":0,"27":0},"f":{"0":0,"1":0,"2":0,"3":0,"4":0,"5":0,"6":0,"7":0,"8":0,"9":0,"10":0},"b":{"0":[0,0]},"_coverageSchema":"1a1c01bbd47fc00a2c39e90264f33305004495a9","hash":"45c643a2a4adcfc0f5800a68d58894a20236a5cc"}
,"/Users/rishabh/rishabhcode/ReactJS/React-FitnessGear-Shop/client/src/components/ProductItem.js": {"path":"/Users/rishabh/rishabhcode/ReactJS/React-FitnessGear-Shop/client/src/components/ProductItem.js","statementMap":{"0":{"start":{"line":7,"column":20},"end":{"line":51,"column":1}},"1":{"start":{"line":8,"column":40},"end":{"line":8,"column":59}},"2":{"start":{"line":9,"column":38},"end":{"line":9,"column":57}},"3":{"start":{"line":11,"column":4},"end":{"line":14,"column":23}},"4":{"start":{"line":12,"column":32},"end":{"line":12,"column":83}},"5":{"start":{"line":13,"column":8},"end":{"line":13,"column":38}},"6":{"start":{"line":16,"column":27},"end":{"line":31,"column":5}},"7":{"start":{"line":17,"column":33},"end":{"line":19,"column":60}},"8":{"start":{"line":18,"column":38},"end":{"line":18,"column":73}},"9":{"start":{"line":20,"column":8},"end":{"line":20,"column":39}},"10":{"start":{"line":21,"column":8},"end":{"line":21,"column":76}},"11":{"start":{"line":23,"column":32},"end":{"line":28,"column":10}},"12":{"start":{"line":24,"column":12},"end":{"line":26,"column":13}},"13":{"start":{"line":25,"column":16},"end":{"line":25,"column":61}},"14":{"start":{"line":27,"column":12},"end":{"line":27,"column":21}},"15":{"start":{"line":29,"column":8},"end":{"line":29,"column":37}},"16":{"start":{"line":30,"column":8},"end":{"line":30,"column":74}},"17":{"start":{"line":33,"column":4},"end":{"line":50,"column":6}}},"fnMap":{"0":{"name":"(anonymous_0)","decl":{"start":{"line":7,"column":20},"end":{"line":7,"column":21}},"loc":{"start":{"line":7,"column":37},"end":{"line":51,"column":1}},"line":7},"1":{"name":"(anonymous_1)","decl":{"start":{"line":11,"column":14},"end":{"line":11,"column":15}},"loc":{"start":{"line":11,"column":20},"end":{"line":14,"column":5}},"line":11},"2":{"name":"(anonymous_2)","decl":{"start":{"line":16,"column":27},"end":{"line":16,"column":28}},"loc":{"start":{"line":16,"column":33},"end":{"line":31,"column":5}},"line":16},"3":{"name":"(anonymous_3)","decl":{"start":{"line":18,"column":31},"end":{"line":18,"column":32}},"loc":{"start":{"line":18,"column":38},"end":{"line":18,"column":73}},"line":18},"4":{"name":"(anonymous_4)","decl":{"start":{"line":23,"column":45},"end":{"line":23,"column":46}},"loc":{"start":{"line":23,"column":52},"end":{"line":28,"column":9}},"line":23}},"branchMap":{"0":{"loc":{"start":{"line":12,"column":32},"end":{"line":12,"column":83}},"type":"binary-expr","locations":[{"start":{"line":12,"column":32},"end":{"line":12,"column":77}},{"start":{"line":12,"column":81},"end":{"line":12,"column":83}}],"line":12},"1":{"loc":{"start":{"line":17,"column":33},"end":{"line":19,"column":60}},"type":"cond-expr","locations":[{"start":{"line":18,"column":14},"end":{"line":18,"column":74}},{"start":{"line":19,"column":14},"end":{"line":19,"column":60}}],"line":17},"2":{"loc":{"start":{"line":24,"column":12},"end":{"line":26,"column":13}},"type":"if","locations":[{"start":{"line":24,"column":12},"end":{"line":26,"column":13}},{"start":{},"end":{}}],"line":24},"3":{"loc":{"start":{"line":37,"column":68},"end":{"line":37,"column":101}},"type":"cond-expr","locations":[{"start":{"line":37,"column":87},"end":{"line":37,"column":92}},{"start":{"line":37,"column":95},"end":{"line":37,"column":101}}],"line":37}},"s":{"0":2,"1":0,"2":0,"3":0,"4":0,"5":0,"6":0,"7":0,"8":0,"9":0,"10":0,"11":0,"12":0,"13":0,"14":0,"15":0,"16":0,"17":0},"f":{"0":0,"1":0,"2":0,"3":0,"4":0},"b":{"0":[0,0],"1":[0,0],"2":[0,0],"3":[0,0]},"_coverageSchema":"1a1c01bbd47fc00a2c39e90264f33305004495a9","hash":"3ad95eb2b033e9778ecaeff88aeba4e90339088f"}
,"/Users/rishabh/rishabhcode/ReactJS/React-FitnessGear-Shop/client/src/pages/favorites/Favorites.jsx": {"path":"/Users/rishabh/rishabhcode/ReactJS/React-FitnessGear-Shop/client/src/pages/favorites/Favorites.jsx","statementMap":{"0":{"start":{"line":5,"column":18},"end":{"line":26,"column":1}},"1":{"start":{"line":7,"column":26},"end":{"line":7,"column":45}},"2":{"start":{"line":9,"column":4},"end":{"line":25,"column":6}},"3":{"start":{"line":19,"column":28},"end":{"line":19,"column":90}}},"fnMap":{"0":{"name":"(anonymous_0)","decl":{"start":{"line":5,"column":18},"end":{"line":5,"column":19}},"loc":{"start":{"line":5,"column":24},"end":{"line":26,"column":1}},"line":5},"1":{"name":"(anonymous_1)","decl":{"start":{"line":18,"column":38},"end":{"line":18,"column":39}},"loc":{"start":{"line":19,"column":28},"end":{"line":19,"column":90}},"line":19}},"branchMap":{"0":{"loc":{"start":{"line":11,"column":13},"end":{"line":23,"column":13}},"type":"cond-expr","locations":[{"start":{"line":12,"column":16},"end":{"line":14,"column":22}},{"start":{"line":16,"column":16},"end":{"line":22,"column":22}}],"line":11}},"s":{"0":1,"1":1,"2":1,"3":0},"f":{"0":1,"1":0},"b":{"0":[1,0]},"_coverageSchema":"1a1c01bbd47fc00a2c39e90264f33305004495a9","hash":"2816be010dae33d693e4e76d1e6f6dbb5e63dccd"}
,"/Users/rishabh/rishabhcode/ReactJS/React-FitnessGear-Shop/client/src/pages/home/Home.jsx": {"path":"/Users/rishabh/rishabhcode/ReactJS/React-FitnessGear-Shop/client/src/pages/home/Home.jsx","statementMap":{"0":{"start":{"line":10,"column":13},"end":{"line":132,"column":1}},"1":{"start":{"line":12,"column":44},"end":{"line":12,"column":56}},"2":{"start":{"line":13,"column":58},"end":{"line":13,"column":70}},"3":{"start":{"line":14,"column":32},"end":{"line":14,"column":44}},"4":{"start":{"line":15,"column":46},"end":{"line":15,"column":58}},"5":{"start":{"line":16,"column":38},"end":{"line":16,"column":50}},"6":{"start":{"line":17,"column":52},"end":{"line":17,"column":64}},"7":{"start":{"line":18,"column":36},"end":{"line":18,"column":48}},"8":{"start":{"line":19,"column":36},"end":{"line":19,"column":48}},"9":{"start":{"line":20,"column":44},"end":{"line":20,"column":56}},"10":{"start":{"line":21,"column":42},"end":{"line":21,"column":57}},"11":{"start":{"line":23,"column":30},"end":{"line":27,"column":5}},"12":{"start":{"line":24,"column":25},"end":{"line":24,"column":75}},"13":{"start":{"line":25,"column":21},"end":{"line":25,"column":42}},"14":{"start":{"line":26,"column":8},"end":{"line":26,"column":30}},"15":{"start":{"line":29,"column":4},"end":{"line":31,"column":11}},"16":{"start":{"line":30,"column":8},"end":{"line":30,"column":28}},"17":{"start":{"line":33,"column":36},"end":{"line":39,"column":5}},"18":{"start":{"line":34,"column":8},"end":{"line":34,"column":71}},"19":{"start":{"line":35,"column":8},"end":{"line":35,"column":29}},"20":{"start":{"line":36,"column":8},"end":{"line":36,"column":22}},"21":{"start":{"line":37,"column":8},"end":{"line":37,"column":32}},"22":{"start":{"line":38,"column":8},"end":{"line":38,"column":25}},"23":{"start":{"line":41,"column":25},"end":{"line":43,"column":10}},"24":{"start":{"line":45,"column":39},"end":{"line":49,"column":5}},"25":{"start":{"line":46,"column":25},"end":{"line":46,"column":118}},"26":{"start":{"line":47,"column":21},"end":{"line":47,"column":42}},"27":{"start":{"line":48,"column":8},"end":{"line":48,"column":24}},"28":{"start":{"line":51,"column":4},"end":{"line":55,"column":30}},"29":{"start":{"line":52,"column":8},"end":{"line":54,"column":9}},"30":{"start":{"line":53,"column":12},"end":{"line":53,"column":41}},"31":{"start":{"line":58,"column":35},"end":{"line":62,"column":5}},"32":{"start":{"line":59,"column":25},"end":{"line":59,"column":151}},"33":{"start":{"line":60,"column":21},"end":{"line":60,"column":42}},"34":{"start":{"line":61,"column":8},"end":{"line":61,"column":27}},"35":{"start":{"line":64,"column":4},"end":{"line":69,"column":45}},"36":{"start":{"line":65,"column":8},"end":{"line":67,"column":9}},"37":{"start":{"line":66,"column":12},"end":{"line":66,"column":37}},"38":{"start":{"line":68,"column":8},"end":{"line":68,"column":32}},"39":{"start":{"line":71,"column":25},"end":{"line":76,"column":5}},"40":{"start":{"line":72,"column":25},"end":{"line":72,"column":245}},"41":{"start":{"line":73,"column":21},"end":{"line":73,"column":42}},"42":{"start":{"line":74,"column":8},"end":{"line":74,"column":30}},"43":{"start":{"line":75,"column":8},"end":{"line":75,"column":29}},"44":{"start":{"line":79,"column":4},"end":{"line":131,"column":6}},"45":{"start":{"line":97,"column":56},"end":{"line":97,"column":98}},"46":{"start":{"line":99,"column":54},"end":{"line":99,"column":86}},"47":{"start":{"line":107,"column":62},"end":{"line":107,"column":116}},"48":{"start":{"line":109,"column":54},"end":{"line":109,"column":89}},"49":{"start":{"line":116,"column":75},"end":{"line":116,"column":102}},"50":{"start":{"line":120,"column":75},"end":{"line":120,"column":102}}},"fnMap":{"0":{"name":"(anonymous_0)","decl":{"start":{"line":10,"column":13},"end":{"line":10,"column":14}},"loc":{"start":{"line":10,"column":19},"end":{"line":132,"column":1}},"line":10},"1":{"name":"(anonymous_1)","decl":{"start":{"line":23,"column":30},"end":{"line":23,"column":31}},"loc":{"start":{"line":23,"column":42},"end":{"line":27,"column":5}},"line":23},"2":{"name":"(anonymous_2)","decl":{"start":{"line":29,"column":14},"end":{"line":29,"column":15}},"loc":{"start":{"line":29,"column":20},"end":{"line":31,"column":5}},"line":29},"3":{"name":"(anonymous_3)","decl":{"start":{"line":33,"column":36},"end":{"line":33,"column":37}},"loc":{"start":{"line":33,"column":50},"end":{"line":39,"column":5}},"line":33},"4":{"name":"(anonymous_4)","decl":{"start":{"line":41,"column":37},"end":{"line":41,"column":38}},"loc":{"start":{"line":41,"column":44},"end":{"line":43,"column":5}},"line":41},"5":{"name":"(anonymous_5)","decl":{"start":{"line":45,"column":39},"end":{"line":45,"column":40}},"loc":{"start":{"line":45,"column":51},"end":{"line":49,"column":5}},"line":45},"6":{"name":"(anonymous_6)","decl":{"start":{"line":51,"column":14},"end":{"line":51,"column":15}},"loc":{"start":{"line":51,"column":20},"end":{"line":55,"column":5}},"line":51},"7":{"name":"(anonymous_7)","decl":{"start":{"line":58,"column":35},"end":{"line":58,"column":36}},"loc":{"start":{"line":58,"column":47},"end":{"line":62,"column":5}},"line":58},"8":{"name":"(anonymous_8)","decl":{"start":{"line":64,"column":14},"end":{"line":64,"column":15}},"loc":{"start":{"line":64,"column":20},"end":{"line":69,"column":5}},"line":64},"9":{"name":"(anonymous_9)","decl":{"start":{"line":71,"column":25},"end":{"line":71,"column":26}},"loc":{"start":{"line":71,"column":37},"end":{"line":76,"column":5}},"line":71},"10":{"name":"(anonymous_10)","decl":{"start":{"line":97,"column":44},"end":{"line":97,"column":45}},"loc":{"start":{"line":97,"column":56},"end":{"line":97,"column":98}},"line":97},"11":{"name":"(anonymous_11)","decl":{"start":{"line":99,"column":34},"end":{"line":99,"column":35}},"loc":{"start":{"line":99,"column":54},"end":{"line":99,"column":86}},"line":99},"12":{"name":"(anonymous_12)","decl":{"start":{"line":107,"column":47},"end":{"line":107,"column":48}},"loc":{"start":{"line":107,"column":62},"end":{"line":107,"column":116}},"line":107},"13":{"name":"(anonymous_13)","decl":{"start":{"line":109,"column":34},"end":{"line":109,"column":35}},"loc":{"start":{"line":109,"column":54},"end":{"line":109,"column":89}},"line":109},"14":{"name":"(anonymous_14)","decl":{"start":{"line":116,"column":68},"end":{"line":116,"column":69}},"loc":{"start":{"line":116,"column":75},"end":{"line":116,"column":102}},"line":116},"15":{"name":"(anonymous_15)","decl":{"start":{"line":120,"column":68},"end":{"line":120,"column":69}},"loc":{"start":{"line":120,"column":75},"end":{"line":120,"column":102}},"line":120}},"branchMap":{"0":{"loc":{"start":{"line":34,"column":31},"end":{"line":34,"column":69}},"type":"cond-expr","locations":[{"start":{"line":34,"column":53},"end":{"line":34,"column":64}},{"start":{"line":34,"column":67},"end":{"line":34,"column":69}}],"line":34},"1":{"loc":{"start":{"line":52,"column":8},"end":{"line":54,"column":9}},"type":"if","locations":[{"start":{"line":52,"column":8},"end":{"line":54,"column":9}},{"start":{},"end":{}}],"line":52},"2":{"loc":{"start":{"line":65,"column":8},"end":{"line":67,"column":9}},"type":"if","locations":[{"start":{"line":65,"column":8},"end":{"line":67,"column":9}},{"start":{},"end":{}}],"line":65},"3":{"loc":{"start":{"line":65,"column":12},"end":{"line":65,"column":48}},"type":"binary-expr","locations":[{"start":{"line":65,"column":12},"end":{"line":65,"column":31}},{"start":{"line":65,"column":35},"end":{"line":65,"column":48}}],"line":65},"4":{"loc":{"start":{"line":72,"column":129},"end":{"line":72,"column":155}},"type":"binary-expr","locations":[{"start":{"line":72,"column":129},"end":{"line":72,"column":149}},{"start":{"line":72,"column":153},"end":{"line":72,"column":155}}],"line":72},"5":{"loc":{"start":{"line":72,"column":171},"end":{"line":72,"column":200}},"type":"binary-expr","locations":[{"start":{"line":72,"column":171},"end":{"line":72,"column":194}},{"start":{"line":72,"column":198},"end":{"line":72,"column":200}}],"line":72}},"s":{"0":1,"1":4,"2":4,"3":4,"4":4,"5":4,"6":4,"7":4,"8":4,"9":4,"10":4,"11":4,"12":2,"13":0,"14":0,"15":4,"16":2,"17":4,"18":0,"19":0,"20":0,"21":0,"22":0,"23":4,"24":4,"25":2,"26":0,"27":0,"28":4,"29":2,"30":2,"31":4,"32":2,"33":0,"34":0,"35":4,"36":2,"37":2,"38":2,"39":4,"40":0,"41":0,"42":0,"43":0,"44":4,"45":0,"46":0,"47":0,"48":0,"49":0,"50":0},"f":{"0":4,"1":2,"2":2,"3":0,"4":0,"5":2,"6":2,"7":2,"8":2,"9":0,"10":0,"11":0,"12":0,"13":0,"14":0,"15":0},"b":{"0":[0,0],"1":[2,0],"2":[2,0],"3":[2,2],"4":[0,0],"5":[0,0]},"_coverageSchema":"1a1c01bbd47fc00a2c39e90264f33305004495a9","hash":"2df29541a0ae464a9d15c87963a12658a00db44c"}
,"/Users/rishabh/rishabhcode/ReactJS/React-FitnessGear-Shop/client/src/pages/home/SearchResultPage.jsx": {"path":"/Users/rishabh/rishabhcode/ReactJS/React-FitnessGear-Shop/client/src/pages/home/SearchResultPage.jsx","statementMap":{"0":{"start":{"line":7,"column":25},"end":{"line":61,"column":1}},"1":{"start":{"line":9,"column":38},"end":{"line":9,"column":57}},"2":{"start":{"line":11,"column":4},"end":{"line":14,"column":22}},"3":{"start":{"line":12,"column":31},"end":{"line":12,"column":81}},"4":{"start":{"line":13,"column":8},"end":{"line":13,"column":36}},"5":{"start":{"line":16,"column":4},"end":{"line":60,"column":6}},"6":{"start":{"line":30,"column":32},"end":{"line":39,"column":38}},"7":{"start":{"line":51,"column":32},"end":{"line":51,"column":90}}},"fnMap":{"0":{"name":"(anonymous_0)","decl":{"start":{"line":7,"column":25},"end":{"line":7,"column":26}},"loc":{"start":{"line":7,"column":60},"end":{"line":61,"column":1}},"line":7},"1":{"name":"(anonymous_1)","decl":{"start":{"line":11,"column":14},"end":{"line":11,"column":15}},"loc":{"start":{"line":11,"column":20},"end":{"line":14,"column":5}},"line":11},"2":{"name":"(anonymous_2)","decl":{"start":{"line":29,"column":45},"end":{"line":29,"column":46}},"loc":{"start":{"line":30,"column":32},"end":{"line":39,"column":38}},"line":30},"3":{"name":"(anonymous_3)","decl":{"start":{"line":50,"column":41},"end":{"line":50,"column":42}},"loc":{"start":{"line":51,"column":32},"end":{"line":51,"column":90}},"line":51}},"branchMap":{"0":{"loc":{"start":{"line":12,"column":31},"end":{"line":12,"column":81}},"type":"binary-expr","locations":[{"start":{"line":12,"column":31},"end":{"line":12,"column":75}},{"start":{"line":12,"column":79},"end":{"line":12,"column":81}}],"line":12},"1":{"loc":{"start":{"line":19,"column":17},"end":{"line":43,"column":17}},"type":"cond-expr","locations":[{"start":{"line":20,"column":20},"end":{"line":25,"column":26}},{"start":{"line":27,"column":20},"end":{"line":42,"column":26}}],"line":19},"2":{"loc":{"start":{"line":19,"column":17},"end":{"line":19,"column":70}},"type":"binary-expr","locations":[{"start":{"line":19,"column":17},"end":{"line":19,"column":28}},{"start":{"line":19,"column":32},"end":{"line":19,"column":70}}],"line":19},"3":{"loc":{"start":{"line":47,"column":17},"end":{"line":55,"column":27}},"type":"cond-expr","locations":[{"start":{"line":48,"column":20},"end":{"line":54,"column":26}},{"start":{"line":55,"column":21},"end":{"line":55,"column":26}}],"line":47}},"s":{"0":1,"1":4,"2":4,"3":4,"4":4,"5":4,"6":0,"7":0},"f":{"0":4,"1":4,"2":0,"3":0},"b":{"0":[4,4],"1":[0,4],"2":[4,0],"3":[4,0]},"_coverageSchema":"1a1c01bbd47fc00a2c39e90264f33305004495a9","hash":"cd5260e2d44789c25758d82d1b83158726aa5ef8"}
,"/Users/rishabh/rishabhcode/ReactJS/React-FitnessGear-Shop/client/src/pages/insertProduct/InsertProduct.jsx": {"path":"/Users/rishabh/rishabhcode/ReactJS/React-FitnessGear-Shop/client/src/pages/insertProduct/InsertProduct.jsx","statementMap":{"0":{"start":{"line":5,"column":22},"end":{"line":168,"column":1}},"1":{"start":{"line":7,"column":36},"end":{"line":15,"column":6}},"2":{"start":{"line":17,"column":32},"end":{"line":17,"column":44}},"3":{"start":{"line":19,"column":25},"end":{"line":27,"column":5}},"4":{"start":{"line":20,"column":32},"end":{"line":20,"column":40}},"5":{"start":{"line":21,"column":8},"end":{"line":24,"column":12}},"6":{"start":{"line":21,"column":35},"end":{"line":24,"column":9}},"7":{"start":{"line":26,"column":8},"end":{"line":26,"column":35}},"8":{"start":{"line":29,"column":26},"end":{"line":62,"column":5}},"9":{"start":{"line":30,"column":20},"end":{"line":30,"column":22}},"10":{"start":{"line":32,"column":8},"end":{"line":56,"column":9}},"11":{"start":{"line":38,"column":16},"end":{"line":40,"column":17}},"12":{"start":{"line":39,"column":20},"end":{"line":39,"column":48}},"13":{"start":{"line":41,"column":16},"end":{"line":41,"column":22}},"14":{"start":{"line":44,"column":16},"end":{"line":46,"column":17}},"15":{"start":{"line":45,"column":20},"end":{"line":45,"column":57}},"16":{"start":{"line":47,"column":16},"end":{"line":47,"column":22}},"17":{"start":{"line":50,"column":16},"end":{"line":52,"column":17}},"18":{"start":{"line":51,"column":20},"end":{"line":51,"column":69}},"19":{"start":{"line":53,"column":16},"end":{"line":53,"column":22}},"20":{"start":{"line":55,"column":16},"end":{"line":55,"column":22}},"21":{"start":{"line":58,"column":8},"end":{"line":61,"column":12}},"22":{"start":{"line":58,"column":33},"end":{"line":61,"column":9}},"23":{"start":{"line":64,"column":33},"end":{"line":67,"column":5}},"24":{"start":{"line":65,"column":27},"end":{"line":65,"column":112}},"25":{"start":{"line":66,"column":8},"end":{"line":66,"column":38}},"26":{"start":{"line":69,"column":26},"end":{"line":84,"column":5}},"27":{"start":{"line":70,"column":8},"end":{"line":83,"column":9}},"28":{"start":{"line":71,"column":12},"end":{"line":79,"column":13}},"29":{"start":{"line":72,"column":16},"end":{"line":76,"column":17}},"30":{"start":{"line":73,"column":20},"end":{"line":73,"column":32}},"31":{"start":{"line":75,"column":20},"end":{"line":75,"column":33}},"32":{"start":{"line":78,"column":16},"end":{"line":78,"column":29}},"33":{"start":{"line":82,"column":12},"end":{"line":82,"column":25}},"34":{"start":{"line":87,"column":25},"end":{"line":119,"column":5}},"35":{"start":{"line":88,"column":8},"end":{"line":88,"column":27}},"36":{"start":{"line":90,"column":26},"end":{"line":90,"column":68}},"37":{"start":{"line":90,"column":62},"end":{"line":90,"column":67}},"38":{"start":{"line":91,"column":8},"end":{"line":94,"column":9}},"39":{"start":{"line":92,"column":12},"end":{"line":92,"column":70}},"40":{"start":{"line":93,"column":12},"end":{"line":93,"column":19}},"41":{"start":{"line":96,"column":8},"end":{"line":101,"column":9}},"42":{"start":{"line":97,"column":12},"end":{"line":100,"column":13}},"43":{"start":{"line":98,"column":16},"end":{"line":98,"column":66}},"44":{"start":{"line":99,"column":16},"end":{"line":99,"column":23}},"45":{"start":{"line":103,"column":8},"end":{"line":118,"column":9}},"46":{"start":{"line":104,"column":29},"end":{"line":104,"column":96}},"47":{"start":{"line":105,"column":12},"end":{"line":105,"column":31}},"48":{"start":{"line":106,"column":12},"end":{"line":106,"column":39}},"49":{"start":{"line":107,"column":12},"end":{"line":115,"column":15}},"50":{"start":{"line":117,"column":12},"end":{"line":117,"column":67}},"51":{"start":{"line":121,"column":4},"end":{"line":167,"column":5}}},"fnMap":{"0":{"name":"(anonymous_0)","decl":{"start":{"line":5,"column":22},"end":{"line":5,"column":23}},"loc":{"start":{"line":5,"column":28},"end":{"line":168,"column":1}},"line":5},"1":{"name":"(anonymous_1)","decl":{"start":{"line":19,"column":25},"end":{"line":19,"column":26}},"loc":{"start":{"line":19,"column":32},"end":{"line":27,"column":5}},"line":19},"2":{"name":"(anonymous_2)","decl":{"start":{"line":21,"column":20},"end":{"line":21,"column":21}},"loc":{"start":{"line":21,"column":35},"end":{"line":24,"column":9}},"line":21},"3":{"name":"(anonymous_3)","decl":{"start":{"line":29,"column":26},"end":{"line":29,"column":27}},"loc":{"start":{"line":29,"column":43},"end":{"line":62,"column":5}},"line":29},"4":{"name":"(anonymous_4)","decl":{"start":{"line":58,"column":18},"end":{"line":58,"column":19}},"loc":{"start":{"line":58,"column":33},"end":{"line":61,"column":9}},"line":58},"5":{"name":"(anonymous_5)","decl":{"start":{"line":64,"column":33},"end":{"line":64,"column":34}},"loc":{"start":{"line":64,"column":44},"end":{"line":67,"column":5}},"line":64},"6":{"name":"(anonymous_6)","decl":{"start":{"line":69,"column":26},"end":{"line":69,"column":27}},"loc":{"start":{"line":69,"column":37},"end":{"line":84,"column":5}},"line":69},"7":{"name":"(anonymous_7)","decl":{"start":{"line":87,"column":25},"end":{"line":87,"column":26}},"loc":{"start":{"line":87,"column":38},"end":{"line":119,"column":5}},"line":87},"8":{"name":"(anonymous_8)","decl":{"start":{"line":90,"column":53},"end":{"line":90,"column":54}},"loc":{"start":{"line":90,"column":62},"end":{"line":90,"column":67}},"line":90}},"branchMap":{"0":{"loc":{"start":{"line":32,"column":8},"end":{"line":56,"column":9}},"type":"switch","locations":[{"start":{"line":33,"column":12},"end":{"line":33,"column":31}},{"start":{"line":34,"column":12},"end":{"line":34,"column":34}},{"start":{"line":35,"column":12},"end":{"line":35,"column":35}},{"start":{"line":36,"column":12},"end":{"line":36,"column":29}},{"start":{"line":37,"column":12},"end":{"line":41,"column":22}},{"start":{"line":43,"column":12},"end":{"line":47,"column":22}},{"start":{"line":49,"column":12},"end":{"line":53,"column":22}},{"start":{"line":54,"column":12},"end":{"line":55,"column":22}}],"line":32},"1":{"loc":{"start":{"line":38,"column":16},"end":{"line":40,"column":17}},"type":"if","locations":[{"start":{"line":38,"column":16},"end":{"line":40,"column":17}},{"start":{},"end":{}}],"line":38},"2":{"loc":{"start":{"line":44,"column":16},"end":{"line":46,"column":17}},"type":"if","locations":[{"start":{"line":44,"column":16},"end":{"line":46,"column":17}},{"start":{},"end":{}}],"line":44},"3":{"loc":{"start":{"line":50,"column":16},"end":{"line":52,"column":17}},"type":"if","locations":[{"start":{"line":50,"column":16},"end":{"line":52,"column":17}},{"start":{},"end":{}}],"line":50},"4":{"loc":{"start":{"line":70,"column":8},"end":{"line":83,"column":9}},"type":"if","locations":[{"start":{"line":70,"column":8},"end":{"line":83,"column":9}},{"start":{"line":81,"column":13},"end":{"line":83,"column":9}}],"line":70},"5":{"loc":{"start":{"line":71,"column":12},"end":{"line":79,"column":13}},"type":"if","locations":[{"start":{"line":71,"column":12},"end":{"line":79,"column":13}},{"start":{"line":77,"column":19},"end":{"line":79,"column":13}}],"line":71},"6":{"loc":{"start":{"line":72,"column":16},"end":{"line":76,"column":17}},"type":"if","locations":[{"start":{"line":72,"column":16},"end":{"line":76,"column":17}},{"start":{"line":74,"column":23},"end":{"line":76,"column":17}}],"line":72},"7":{"loc":{"start":{"line":91,"column":8},"end":{"line":94,"column":9}},"type":"if","locations":[{"start":{"line":91,"column":8},"end":{"line":94,"column":9}},{"start":{},"end":{}}],"line":91},"8":{"loc":{"start":{"line":97,"column":12},"end":{"line":100,"column":13}},"type":"if","locations":[{"start":{"line":97,"column":12},"end":{"line":100,"column":13}},{"start":{},"end":{}}],"line":97},"9":{"loc":{"start":{"line":127,"column":21},"end":{"line":127,"column":125}},"type":"binary-expr","locations":[{"start":{"line":127,"column":21},"end":{"line":127,"column":39}},{"start":{"line":127,"column":43},"end":{"line":127,"column":125}}],"line":127},"10":{"loc":{"start":{"line":132,"column":21},"end":{"line":132,"column":131}},"type":"binary-expr","locations":[{"start":{"line":132,"column":21},"end":{"line":132,"column":42}},{"start":{"line":132,"column":46},"end":{"line":132,"column":131}}],"line":132},"11":{"loc":{"start":{"line":137,"column":21},"end":{"line":137,"column":133}},"type":"binary-expr","locations":[{"start":{"line":137,"column":21},"end":{"line":137,"column":43}},{"start":{"line":137,"column":47},"end":{"line":137,"column":133}}],"line":137},"12":{"loc":{"start":{"line":142,"column":21},"end":{"line":142,"column":127}},"type":"binary-expr","locations":[{"start":{"line":142,"column":21},"end":{"line":142,"column":40}},{"start":{"line":142,"column":44},"end":{"line":142,"column":127}}],"line":142},"13":{"loc":{"start":{"line":148,"column":21},"end":{"line":148,"column":121}},"type":"binary-expr","locations":[{"start":{"line":148,"column":21},"end":{"line":148,"column":37}},{"start":{"line":148,"column":41},"end":{"line":148,"column":121}}],"line":148},"14":{"loc":{"start":{"line":154,"column":21},"end":{"line":154,"column":127}},"type":"binary-expr","locations":[{"start":{"line":154,"column":21},"end":{"line":154,"column":40}},{"start":{"line":154,"column":44},"end":{"line":154,"column":127}}],"line":154},"15":{"loc":{"start":{"line":160,"column":21},"end":{"line":160,"column":113}},"type":"binary-expr","locations":[{"start":{"line":160,"column":21},"end":{"line":160,"column":33}},{"start":{"line":160,"column":37},"end":{"line":160,"column":113}}],"line":160}},"s":{"0":0,"1":0,"2":0,"3":0,"4":0,"5":0,"6":0,"7":0,"8":0,"9":0,"10":0,"11":0,"12":0,"13":0,"14":0,"15":0,"16":0,"17":0,"18":0,"19":0,"20":0,"21":0,"22":0,"23":0,"24":0,"25":0,"26":0,"27":0,"28":0,"29":0,"30":0,"31":0,"32":0,"33":0,"34":0,"35":0,"36":0,"37":0,"38":0,"39":0,"40":0,"41":0,"42":0,"43":0,"44":0,"45":0,"46":0,"47":0,"48":0,"49":0,"50":0,"51":0},"f":{"0":0,"1":0,"2":0,"3":0,"4":0,"5":0,"6":0,"7":0,"8":0},"b":{"0":[0,0,0,0,0,0,0,0],"1":[0,0],"2":[0,0],"3":[0,0],"4":[0,0],"5":[0,0],"6":[0,0],"7":[0,0],"8":[0,0],"9":[0,0],"10":[0,0],"11":[0,0],"12":[0,0],"13":[0,0],"14":[0,0],"15":[0,0]}}
,"/Users/rishabh/rishabhcode/ReactJS/React-FitnessGear-Shop/client/src/pages/landing/Landing.jsx": {"path":"/Users/rishabh/rishabhcode/ReactJS/React-FitnessGear-Shop/client/src/pages/landing/Landing.jsx","statementMap":{"0":{"start":{"line":5,"column":16},"end":{"line":43,"column":1}},"1":{"start":{"line":7,"column":21},"end":{"line":7,"column":34}},"2":{"start":{"line":9,"column":24},"end":{"line":15,"column":5}},"3":{"start":{"line":10,"column":8},"end":{"line":14,"column":9}},"4":{"start":{"line":11,"column":12},"end":{"line":11,"column":32}},"5":{"start":{"line":13,"column":12},"end":{"line":13,"column":41}},"6":{"start":{"line":17,"column":4},"end":{"line":42,"column":6}}},"fnMap":{"0":{"name":"(anonymous_0)","decl":{"start":{"line":5,"column":16},"end":{"line":5,"column":17}},"loc":{"start":{"line":5,"column":22},"end":{"line":43,"column":1}},"line":5},"1":{"name":"(anonymous_1)","decl":{"start":{"line":9,"column":24},"end":{"line":9,"column":25}},"loc":{"start":{"line":9,"column":36},"end":{"line":15,"column":5}},"line":9}},"branchMap":{},"s":{"0":1,"1":2,"2":2,"3":1,"4":1,"5":0,"6":2},"f":{"0":2,"1":1},"b":{},"_coverageSchema":"1a1c01bbd47fc00a2c39e90264f33305004495a9","hash":"57c1f96220ac6446ebaf156ec72e5d54587b25b0"}
,"/Users/rishabh/rishabhcode/ReactJS/React-FitnessGear-Shop/client/src/pages/login/Login.jsx": {"path":"/Users/rishabh/rishabhcode/ReactJS/React-FitnessGear-Shop/client/src/pages/login/Login.jsx","statementMap":{"0":{"start":{"line":6,"column":14},"end":{"line":44,"column":1}},"1":{"start":{"line":7,"column":30},"end":{"line":7,"column":42}},"2":{"start":{"line":8,"column":36},"end":{"line":8,"column":48}},"3":{"start":{"line":9,"column":30},"end":{"line":9,"column":42}},"4":{"start":{"line":11,"column":21},"end":{"line":11,"column":34}},"5":{"start":{"line":13,"column":24},"end":{"line":24,"column":5}},"6":{"start":{"line":14,"column":8},"end":{"line":23,"column":9}},"7":{"start":{"line":15,"column":12},"end":{"line":18,"column":13}},"8":{"start":{"line":16,"column":16},"end":{"line":16,"column":59}},"9":{"start":{"line":17,"column":16},"end":{"line":17,"column":23}},"10":{"start":{"line":19,"column":12},"end":{"line":19,"column":67}},"11":{"start":{"line":20,"column":12},"end":{"line":20,"column":33}},"12":{"start":{"line":22,"column":12},"end":{"line":22,"column":36}},"13":{"start":{"line":26,"column":4},"end":{"line":43,"column":6}},"14":{"start":{"line":32,"column":67},"end":{"line":32,"column":91}},"15":{"start":{"line":35,"column":73},"end":{"line":35,"column":100}}},"fnMap":{"0":{"name":"(anonymous_0)","decl":{"start":{"line":6,"column":14},"end":{"line":6,"column":15}},"loc":{"start":{"line":6,"column":20},"end":{"line":44,"column":1}},"line":6},"1":{"name":"(anonymous_1)","decl":{"start":{"line":13,"column":24},"end":{"line":13,"column":25}},"loc":{"start":{"line":13,"column":36},"end":{"line":24,"column":5}},"line":13},"2":{"name":"(anonymous_2)","decl":{"start":{"line":32,"column":60},"end":{"line":32,"column":61}},"loc":{"start":{"line":32,"column":67},"end":{"line":32,"column":91}},"line":32},"3":{"name":"(anonymous_3)","decl":{"start":{"line":35,"column":66},"end":{"line":35,"column":67}},"loc":{"start":{"line":35,"column":73},"end":{"line":35,"column":100}},"line":35}},"branchMap":{"0":{"loc":{"start":{"line":15,"column":12},"end":{"line":18,"column":13}},"type":"if","locations":[{"start":{"line":15,"column":12},"end":{"line":18,"column":13}},{"start":{},"end":{}}],"line":15},"1":{"loc":{"start":{"line":15,"column":16},"end":{"line":15,"column":35}},"type":"binary-expr","locations":[{"start":{"line":15,"column":16},"end":{"line":15,"column":22}},{"start":{"line":15,"column":26},"end":{"line":15,"column":35}}],"line":15},"2":{"loc":{"start":{"line":29,"column":13},"end":{"line":29,"column":61}},"type":"binary-expr","locations":[{"start":{"line":29,"column":13},"end":{"line":29,"column":18}},{"start":{"line":29,"column":22},"end":{"line":29,"column":61}}],"line":29}},"s":{"0":0,"1":0,"2":0,"3":0,"4":0,"5":0,"6":0,"7":0,"8":0,"9":0,"10":0,"11":0,"12":0,"13":0,"14":0,"15":0},"f":{"0":0,"1":0,"2":0,"3":0},"b":{"0":[0,0],"1":[0,0],"2":[0,0]}}
,"/Users/rishabh/rishabhcode/ReactJS/React-FitnessGear-Shop/client/src/pages/productDetail/ProductDetail.jsx": {"path":"/Users/rishabh/rishabhcode/ReactJS/React-FitnessGear-Shop/client/src/pages/productDetail/ProductDetail.jsx","statementMap":{"0":{"start":{"line":5,"column":22},"end":{"line":26,"column":1}},"1":{"start":{"line":7,"column":22},"end":{"line":7,"column":35}},"2":{"start":{"line":9,"column":4},"end":{"line":25,"column":6}}},"fnMap":{"0":{"name":"(anonymous_0)","decl":{"start":{"line":5,"column":22},"end":{"line":5,"column":23}},"loc":{"start":{"line":5,"column":33},"end":{"line":26,"column":1}},"line":5}},"branchMap":{},"s":{"0":0,"1":0,"2":0},"f":{"0":0},"b":{}}
,"/Users/rishabh/rishabhcode/ReactJS/React-FitnessGear-Shop/client/src/pages/profile/Profile.jsx": {"path":"/Users/rishabh/rishabhcode/ReactJS/React-FitnessGear-Shop/client/src/pages/profile/Profile.jsx","statementMap":{"0":{"start":{"line":6,"column":16},"end":{"line":128,"column":1}},"1":{"start":{"line":8,"column":21},"end":{"line":8,"column":34}},"2":{"start":{"line":9,"column":28},"end":{"line":9,"column":42}},"3":{"start":{"line":10,"column":44},"end":{"line":10,"column":56}},"4":{"start":{"line":11,"column":40},"end":{"line":11,"column":55}},"5":{"start":{"line":12,"column":34},"end":{"line":12,"column":48}},"6":{"start":{"line":14,"column":25},"end":{"line":22,"column":5}},"7":{"start":{"line":15,"column":8},"end":{"line":21,"column":11}},"8":{"start":{"line":17,"column":16},"end":{"line":17,"column":30}},"9":{"start":{"line":20,"column":12},"end":{"line":20,"column":47}},"10":{"start":{"line":24,"column":30},"end":{"line":28,"column":5}},"11":{"start":{"line":25,"column":25},"end":{"line":25,"column":70}},"12":{"start":{"line":26,"column":21},"end":{"line":26,"column":42}},"13":{"start":{"line":27,"column":8},"end":{"line":27,"column":30}},"14":{"start":{"line":30,"column":4},"end":{"line":57,"column":11}},"15":{"start":{"line":31,"column":28},"end":{"line":54,"column":10}},"16":{"start":{"line":32,"column":12},"end":{"line":32,"column":26}},"17":{"start":{"line":33,"column":12},"end":{"line":33,"column":32}},"18":{"start":{"line":35,"column":38},"end":{"line":49,"column":13}},"19":{"start":{"line":36,"column":30},"end":{"line":36,"column":40}},"20":{"start":{"line":37,"column":27},"end":{"line":37,"column":47}},"21":{"start":{"line":39,"column":16},"end":{"line":48,"column":17}},"22":{"start":{"line":40,"column":32},"end":{"line":40,"column":85}},"23":{"start":{"line":41,"column":20},"end":{"line":43,"column":21}},"24":{"start":{"line":42,"column":24},"end":{"line":42,"column":61}},"25":{"start":{"line":44,"column":20},"end":{"line":44,"column":38}},"26":{"start":{"line":46,"column":20},"end":{"line":46,"column":51}},"27":{"start":{"line":47,"column":20},"end":{"line":47,"column":38}},"28":{"start":{"line":50,"column":12},"end":{"line":52,"column":13}},"29":{"start":{"line":51,"column":16},"end":{"line":51,"column":36}},"30":{"start":{"line":55,"column":8},"end":{"line":55,"column":35}},"31":{"start":{"line":55,"column":21},"end":{"line":55,"column":34}},"32":{"start":{"line":59,"column":31},"end":{"line":70,"column":5}},"33":{"start":{"line":60,"column":22},"end":{"line":60,"column":32}},"34":{"start":{"line":61,"column":19},"end":{"line":61,"column":39}},"35":{"start":{"line":63,"column":8},"end":{"line":69,"column":9}},"36":{"start":{"line":64,"column":12},"end":{"line":64,"column":86}},"37":{"start":{"line":65,"column":12},"end":{"line":65,"column":32}},"38":{"start":{"line":66,"column":12},"end":{"line":66,"column":82}},"39":{"start":{"line":68,"column":12},"end":{"line":68,"column":43}},"40":{"start":{"line":72,"column":25},"end":{"line":83,"column":5}},"41":{"start":{"line":73,"column":22},"end":{"line":73,"column":32}},"42":{"start":{"line":74,"column":19},"end":{"line":74,"column":39}},"43":{"start":{"line":76,"column":8},"end":{"line":82,"column":9}},"44":{"start":{"line":77,"column":12},"end":{"line":77,"column":69}},"45":{"start":{"line":78,"column":12},"end":{"line":78,"column":33}},"46":{"start":{"line":79,"column":12},"end":{"line":79,"column":67}},"47":{"start":{"line":81,"column":12},"end":{"line":81,"column":43}},"48":{"start":{"line":85,"column":4},"end":{"line":87,"column":5}},"49":{"start":{"line":86,"column":8},"end":{"line":86,"column":33}},"50":{"start":{"line":89,"column":4},"end":{"line":127,"column":6}},"51":{"start":{"line":106,"column":32},"end":{"line":113,"column":38}}},"fnMap":{"0":{"name":"(anonymous_0)","decl":{"start":{"line":6,"column":16},"end":{"line":6,"column":17}},"loc":{"start":{"line":6,"column":22},"end":{"line":128,"column":1}},"line":6},"1":{"name":"(anonymous_1)","decl":{"start":{"line":14,"column":25},"end":{"line":14,"column":26}},"loc":{"start":{"line":14,"column":37},"end":{"line":22,"column":5}},"line":14},"2":{"name":"(anonymous_2)","decl":{"start":{"line":16,"column":12},"end":{"line":16,"column":13}},"loc":{"start":{"line":16,"column":18},"end":{"line":18,"column":13}},"line":16},"3":{"name":"(anonymous_3)","decl":{"start":{"line":19,"column":16},"end":{"line":19,"column":17}},"loc":{"start":{"line":19,"column":25},"end":{"line":21,"column":9}},"line":19},"4":{"name":"(anonymous_4)","decl":{"start":{"line":24,"column":30},"end":{"line":24,"column":31}},"loc":{"start":{"line":24,"column":42},"end":{"line":28,"column":5}},"line":24},"5":{"name":"(anonymous_5)","decl":{"start":{"line":30,"column":14},"end":{"line":30,"column":15}},"loc":{"start":{"line":30,"column":20},"end":{"line":57,"column":5}},"line":30},"6":{"name":"(anonymous_6)","decl":{"start":{"line":31,"column":63},"end":{"line":31,"column":64}},"loc":{"start":{"line":31,"column":71},"end":{"line":54,"column":9}},"line":31},"7":{"name":"(anonymous_7)","decl":{"start":{"line":35,"column":38},"end":{"line":35,"column":39}},"loc":{"start":{"line":35,"column":50},"end":{"line":49,"column":13}},"line":35},"8":{"name":"(anonymous_8)","decl":{"start":{"line":55,"column":15},"end":{"line":55,"column":16}},"loc":{"start":{"line":55,"column":21},"end":{"line":55,"column":34}},"line":55},"9":{"name":"(anonymous_9)","decl":{"start":{"line":59,"column":31},"end":{"line":59,"column":32}},"loc":{"start":{"line":59,"column":43},"end":{"line":70,"column":5}},"line":59},"10":{"name":"(anonymous_10)","decl":{"start":{"line":72,"column":25},"end":{"line":72,"column":26}},"loc":{"start":{"line":72,"column":37},"end":{"line":83,"column":5}},"line":72},"11":{"name":"(anonymous_11)","decl":{"start":{"line":105,"column":55},"end":{"line":105,"column":56}},"loc":{"start":{"line":106,"column":32},"end":{"line":113,"column":38}},"line":106}},"branchMap":{"0":{"loc":{"start":{"line":41,"column":20},"end":{"line":43,"column":21}},"type":"if","locations":[{"start":{"line":41,"column":20},"end":{"line":43,"column":21}},{"start":{},"end":{}}],"line":41},"1":{"loc":{"start":{"line":50,"column":12},"end":{"line":52,"column":13}},"type":"if","locations":[{"start":{"line":50,"column":12},"end":{"line":52,"column":13}},{"start":{},"end":{}}],"line":50},"2":{"loc":{"start":{"line":85,"column":4},"end":{"line":87,"column":5}},"type":"if","locations":[{"start":{"line":85,"column":4},"end":{"line":87,"column":5}},{"start":{},"end":{}}],"line":85},"3":{"loc":{"start":{"line":85,"column":8},"end":{"line":85,"column":23}},"type":"binary-expr","locations":[{"start":{"line":85,"column":8},"end":{"line":85,"column":12}},{"start":{"line":85,"column":16},"end":{"line":85,"column":23}}],"line":85},"4":{"loc":{"start":{"line":91,"column":13},"end":{"line":123,"column":17}},"type":"cond-expr","locations":[{"start":{"line":92,"column":16},"end":{"line":117,"column":22}},{"start":{"line":120,"column":20},"end":{"line":122,"column":24}}],"line":91},"5":{"loc":{"start":{"line":95,"column":28},"end":{"line":99,"column":29}},"type":"cond-expr","locations":[{"start":{"line":96,"column":32},"end":{"line":96,"column":117}},{"start":{"line":98,"column":32},"end":{"line":98,"column":115}}],"line":95}},"s":{"0":0,"1":0,"2":0,"3":0,"4":0,"5":0,"6":0,"7":0,"8":0,"9":0,"10":0,"11":0,"12":0,"13":0,"14":0,"15":0,"16":0,"17":0,"18":0,"19":0,"20":0,"21":0,"22":0,"23":0,"24":0,"25":0,"26":0,"27":0,"28":0,"29":0,"30":0,"31":0,"32":0,"33":0,"34":0,"35":0,"36":0,"37":0,"38":0,"39":0,"40":0,"41":0,"42":0,"43":0,"44":0,"45":0,"46":0,"47":0,"48":0,"49":0,"50":0,"51":0},"f":{"0":0,"1":0,"2":0,"3":0,"4":0,"5":0,"6":0,"7":0,"8":0,"9":0,"10":0,"11":0},"b":{"0":[0,0],"1":[0,0],"2":[0,0],"3":[0,0],"4":[0,0],"5":[0,0]}}
,"/Users/rishabh/rishabhcode/ReactJS/React-FitnessGear-Shop/client/src/pages/register/Register.jsx": {"path":"/Users/rishabh/rishabhcode/ReactJS/React-FitnessGear-Shop/client/src/pages/register/Register.jsx","statementMap":{"0":{"start":{"line":6,"column":17},"end":{"line":60,"column":1}},"1":{"start":{"line":7,"column":36},"end":{"line":7,"column":48}},"2":{"start":{"line":8,"column":30},"end":{"line":8,"column":42}},"3":{"start":{"line":9,"column":36},"end":{"line":9,"column":48}},"4":{"start":{"line":10,"column":30},"end":{"line":10,"column":42}},"5":{"start":{"line":12,"column":31},"end":{"line":37,"column":5}},"6":{"start":{"line":13,"column":8},"end":{"line":36,"column":9}},"7":{"start":{"line":14,"column":12},"end":{"line":17,"column":13}},"8":{"start":{"line":15,"column":16},"end":{"line":15,"column":54}},"9":{"start":{"line":16,"column":16},"end":{"line":16,"column":22}},"10":{"start":{"line":18,"column":12},"end":{"line":20,"column":13}},"11":{"start":{"line":19,"column":16},"end":{"line":19,"column":73}},"12":{"start":{"line":22,"column":12},"end":{"line":22,"column":82}},"13":{"start":{"line":24,"column":12},"end":{"line":26,"column":15}},"14":{"start":{"line":28,"column":12},"end":{"line":28,"column":45}},"15":{"start":{"line":29,"column":12},"end":{"line":29,"column":25}},"16":{"start":{"line":30,"column":12},"end":{"line":30,"column":28}},"17":{"start":{"line":31,"column":12},"end":{"line":31,"column":28}},"18":{"start":{"line":32,"column":12},"end":{"line":32,"column":25}},"19":{"start":{"line":35,"column":12},"end":{"line":35,"column":36}},"20":{"start":{"line":39,"column":4},"end":{"line":59,"column":6}},"21":{"start":{"line":45,"column":99},"end":{"line":45,"column":126}},"22":{"start":{"line":48,"column":91},"end":{"line":48,"column":115}},"23":{"start":{"line":51,"column":103},"end":{"line":51,"column":130}}},"fnMap":{"0":{"name":"(anonymous_0)","decl":{"start":{"line":6,"column":17},"end":{"line":6,"column":18}},"loc":{"start":{"line":6,"column":23},"end":{"line":60,"column":1}},"line":6},"1":{"name":"(anonymous_1)","decl":{"start":{"line":12,"column":31},"end":{"line":12,"column":32}},"loc":{"start":{"line":12,"column":43},"end":{"line":37,"column":5}},"line":12},"2":{"name":"(anonymous_2)","decl":{"start":{"line":45,"column":92},"end":{"line":45,"column":93}},"loc":{"start":{"line":45,"column":99},"end":{"line":45,"column":126}},"line":45},"3":{"name":"(anonymous_3)","decl":{"start":{"line":48,"column":84},"end":{"line":48,"column":85}},"loc":{"start":{"line":48,"column":91},"end":{"line":48,"column":115}},"line":48},"4":{"name":"(anonymous_4)","decl":{"start":{"line":51,"column":96},"end":{"line":51,"column":97}},"loc":{"start":{"line":51,"column":103},"end":{"line":51,"column":130}},"line":51}},"branchMap":{"0":{"loc":{"start":{"line":14,"column":12},"end":{"line":17,"column":13}},"type":"if","locations":[{"start":{"line":14,"column":12},"end":{"line":17,"column":13}},{"start":{},"end":{}}],"line":14},"1":{"loc":{"start":{"line":14,"column":16},"end":{"line":14,"column":48}},"type":"binary-expr","locations":[{"start":{"line":14,"column":16},"end":{"line":14,"column":25}},{"start":{"line":14,"column":29},"end":{"line":14,"column":35}},{"start":{"line":14,"column":39},"end":{"line":14,"column":48}}],"line":14},"2":{"loc":{"start":{"line":18,"column":12},"end":{"line":20,"column":13}},"type":"if","locations":[{"start":{"line":18,"column":12},"end":{"line":20,"column":13}},{"start":{},"end":{}}],"line":18},"3":{"loc":{"start":{"line":42,"column":13},"end":{"line":42,"column":61}},"type":"binary-expr","locations":[{"start":{"line":42,"column":13},"end":{"line":42,"column":18}},{"start":{"line":42,"column":22},"end":{"line":42,"column":61}}],"line":42}},"s":{"0":1,"1":5,"2":5,"3":5,"4":5,"5":5,"6":1,"7":1,"8":0,"9":0,"10":1,"11":0,"12":1,"13":0,"14":0,"15":0,"16":0,"17":0,"18":0,"19":0,"20":5,"21":1,"22":1,"23":1},"f":{"0":5,"1":1,"2":1,"3":1,"4":1},"b":{"0":[0,1],"1":[1,1,1],"2":[0,1],"3":[5,0]},"_coverageSchema":"1a1c01bbd47fc00a2c39e90264f33305004495a9","hash":"5c1100c6c2ee578691ab2ff824f6d7802a2a6e6a"}
,"/Users/rishabh/rishabhcode/ReactJS/React-FitnessGear-Shop/client/src/test/styleMock.js": {"path":"/Users/rishabh/rishabhcode/ReactJS/React-FitnessGear-Shop/client/src/test/styleMock.js","statementMap":{"0":{"start":{"line":1,"column":0},"end":{"line":1,"column":20}}},"fnMap":{},"branchMap":{},"s":{"0":3},"f":{},"b":{},"_coverageSchema":"1a1c01bbd47fc00a2c39e90264f33305004495a9","hash":"54ae32d995360f62a4d14cda192ba8d9bb30c936"}
,"/Users/rishabh/rishabhcode/ReactJS/React-FitnessGear-Shop/client/src/utils/firebase.js": {"path":"/Users/rishabh/rishabhcode/ReactJS/React-FitnessGear-Shop/client/src/utils/firebase.js","statementMap":{"0":{"start":{"line":5,"column":23},"end":{"line":13,"column":1}},"1":{"start":{"line":15,"column":0},"end":{"line":15,"column":39}},"2":{"start":{"line":17,"column":18},"end":{"line":17,"column":36}},"3":{"start":{"line":18,"column":20},"end":{"line":18,"column":35}}},"fnMap":{},"branchMap":{},"s":{"0":1,"1":1,"2":1,"3":1},"f":{},"b":{},"_coverageSchema":"1a1c01bbd47fc00a2c39e90264f33305004495a9","hash":"316c689984f5267e7ee09fc0a4ef3db7b2b7223a"}
}
